Reading counter_la_fir.hex
counter_la_fir.hex loaded into memory
Memory 5 bytes = 0x6f 0x00 0x00 0x0b 0x13
VCD info: dumpfile counter_la_fir.vcd opened for output.
LA Test 1 started
t_start Elapsed time:    1461088 [ns]
t_end Elapsed time:    2634638 [ns]
Elapsed time:    1173550 [ns]
0x76 mprj: data = 0x76
LA Test 1 passed
LA Test 2 started
t_start Elapsed time:    2697888 [ns]
t_end Elapsed time:    3871438 [ns]
Elapsed time:    1173550 [ns]
0x76 mprj: data = 0x76
LA Test 2 passed
LA Test 3 started
t_start Elapsed time:    3961113 [ns]
t_end Elapsed time:    5134663 [ns]
Elapsed time:    1173550 [ns]
0x76 mprj: data = 0x76
LA Test 3 passed